<?xml version="1.0" encoding="UTF-8"?>
<testsuite xmlns:xsi="http://www.w3.org/2001/XMLSchema-instance" xsi:noNamespaceSchemaLocation="https://maven.apache.org/surefire/maven-surefire-plugin/xsd/surefire-test-report-3.0.xsd" version="3.0" name="CalcTest" time="0.242" tests="4" errors="0" skipped="0" failures="0">
  <properties>
[...]
</properties>
  <testcase name="testAdd" classname="CalcTest" time="0.016"/>
  <testcase name="testSubtract" classname="CalcTest" time="0"/>
  <testcase name="testDivide" classname="CalcTest" time="0"/>
  <testcase name="testMultiply" classname="CalcTest" time="0"/>
</testsuite>